<?xml version="1.0" encoding="UTF-8"?>
<!-- Generated by org.testng.reporters.JUnitReportReporter -->
<testsuite hostname="Jp" failures="0" tests="5" name="day5.FileUploadAndDownload" time="2.709" errors="0" timestamp="2023-03-17T14:49:31 PDT" skipped="1">
  <testcase classname="day5.FileUploadAndDownload" name="singleFileUpload" time="2.510"/>
  <system-out/>
  <testcase classname="day5.FileUploadAndDownload" name="multipleFilesUpload" time="0.117"/>
  <system-out/>
  <testcase classname="day5.FileUploadAndDownload" name="fileDownload" time="0.050"/>
  <system-out/>
  <testcase classname="day5.FileUploadAndDownload" name="file2Download" time="0.032"/>
  <system-out/>
  <testcase classname="day5.FileUploadAndDownload" name="fileArray">
    <skipped/>
  </testcase> <!-- fileArray -->
  <system-out/>
</testsuite> <!-- day5.FileUploadAndDownload -->
