<?xml version="1.0" encoding="UTF-8"?>
<!-- Generated by org.testng.reporters.JUnitReportReporter -->
<testsuite hostname="Jp" failures="0" tests="1" name="day2.POST_createRequestBody_ExternalJSONFile" time="2.246" errors="0" timestamp="2023-03-15T21:07:01 PDT" skipped="0">
  <testcase classname="day2.POST_createRequestBody_ExternalJSONFile" name="testPostUsingHashmap" time="2.246"/>
  <system-out/>
</testsuite> <!-- day2.POST_createRequestBody_ExternalJSONFile -->
