<?xml version="1.0" encoding="UTF-8"?>
<!-- Generated by org.testng.reporters.JUnitReportReporter -->
<testsuite hostname="Jp" failures="0" tests="1" name="day1.HTTPRequests" time="1.643" errors="0" timestamp="2023-03-14T22:56:50 PDT" skipped="0">
  <testcase classname="day1.HTTPRequests" name="getUser" time="1.643"/>
  <system-out/>
</testsuite> <!-- day1.HTTPRequests -->
