<?xml version="1.0" encoding="UTF-8"?>
<!-- Generated by org.testng.reporters.JUnitReportReporter -->
<testsuite hostname="Jp" failures="0" tests="1" name="day5.parsingXMLResponseData" time="2.424" errors="0" timestamp="2023-03-17T11:20:09 PDT" skipped="0">
  <testcase classname="day5.parsingXMLResponseData" name="testJsonResponse" time="2.424"/>
  <system-out/>
</testsuite> <!-- day5.parsingXMLResponseData -->
