<?xml version="1.0" encoding="UTF-8"?>
<!-- Generated by org.testng.reporters.JUnitReportReporter -->
<testsuite hostname="Jp" failures="0" tests="1" name="Day4.parsingJSONResponseData_Approach2" time="1.944" errors="0" timestamp="2023-03-16T22:55:44 PDT" skipped="0">
  <testcase classname="Day4.parsingJSONResponseData_Approach2" name="testJsonResponse" time="1.944"/>
  <system-out/>
</testsuite> <!-- Day4.parsingJSONResponseData_Approach2 -->
