<?xml version="1.0" encoding="UTF-8"?>
<!-- Generated by org.testng.reporters.JUnitReportReporter -->
<testsuite hostname="Jp" failures="0" tests="1" name="day1.GET_user" time="1.562" errors="0" timestamp="2023-03-14T23:24:29 PDT" skipped="0">
  <testcase classname="day1.GET_user" name="getUser" time="1.562"/>
  <system-out/>
</testsuite> <!-- day1.GET_user -->
