<?xml version="1.0" encoding="UTF-8"?>
<!-- Generated by org.testng.reporters.JUnitReportReporter -->
<testsuite hostname="Jp" failures="0" tests="1" name="day8.DeleteUser" time="0.485" errors="0" timestamp="2023-03-19T15:32:17 PDT" skipped="0">
  <testcase classname="day8.DeleteUser" name="deleteGORESTUser" time="0.485"/>
  <system-out/>
</testsuite> <!-- day8.DeleteUser -->
