<?xml version="1.0" encoding="UTF-8"?>
<!-- Generated by org.testng.reporters.JUnitReportReporter -->
<testsuite hostname="Jp" failures="0" tests="9" name="api.test.UserTests_DataDriven" time="4.753" errors="0" timestamp="2023-03-22T17:08:45 PDT" skipped="0">
  <testcase classname="api.test.UserTests_DataDriven" name="testPostUser" time="0.517"/>
  <system-out/>
  <testcase classname="api.test.UserTests_DataDriven" name="testPostUser" time="0.509"/>
  <system-out/>
  <testcase classname="api.test.UserTests_DataDriven" name="testPostUser" time="0.698"/>
  <system-out/>
  <testcase classname="api.test.UserTests_DataDriven" name="testGetUser" time="0.478"/>
  <system-out/>
  <testcase classname="api.test.UserTests_DataDriven" name="testGetUser" time="0.534"/>
  <system-out/>
  <testcase classname="api.test.UserTests_DataDriven" name="testGetUser" time="0.476"/>
  <system-out/>
  <testcase classname="api.test.UserTests_DataDriven" name="testDeleteUser" time="0.503"/>
  <system-out/>
  <testcase classname="api.test.UserTests_DataDriven" name="testDeleteUser" time="0.511"/>
  <system-out/>
  <testcase classname="api.test.UserTests_DataDriven" name="testDeleteUser" time="0.527"/>
  <system-out/>
</testsuite> <!-- api.test.UserTests_DataDriven -->
