<?xml version="1.0" encoding="UTF-8"?>
<!-- Generated by org.testng.reporters.JUnitReportReporter -->
<testsuite hostname="Jp" failures="0" tests="1" name="day4.parsingJSONResponseData" time="2.542" errors="0" timestamp="2023-03-17T11:16:12 PDT" skipped="0">
  <testcase classname="day4.parsingJSONResponseData" name="testJsonResponse" time="2.542"/>
  <system-out/>
</testsuite> <!-- day4.parsingJSONResponseData -->
