<?xml version="1.0" encoding="UTF-8"?>
<!-- Generated by org.testng.reporters.JUnitReportReporter -->
<testsuite hostname="Jp" failures="0" tests="1" name="day2.POST_createRequestBody_Orj_Json" time="2.472" errors="0" timestamp="2023-03-15T20:49:49 PDT" skipped="0">
  <testcase classname="day2.POST_createRequestBody_Orj_Json" name="testPostUsingHashmap" time="2.472"/>
  <system-out/>
</testsuite> <!-- day2.POST_createRequestBody_Orj_Json -->
