<?xml version="1.0" encoding="UTF-8"?>
<!-- Generated by org.testng.reporters.JUnitReportReporter -->
<testsuite hostname="Jp" failures="0" tests="1" name="day8.GetUserDetails" time="0.514" errors="0" timestamp="2023-03-19T15:32:17 PDT" skipped="0">
  <testcase classname="day8.GetUserDetails" name="testGetGORESTUser" time="0.514"/>
  <system-out/>
</testsuite> <!-- day8.GetUserDetails -->
