<?xml version="1.0" encoding="UTF-8"?>
<!-- Generated by org.testng.reporters.JUnitReportReporter -->
<testsuite hostname="Jp" failures="0" tests="1" name="day8.CreateUser2" time="2.708" errors="0" timestamp="2023-03-19T14:44:33 PDT" skipped="0">
  <testcase classname="day8.CreateUser2" name="createGORESTUser" time="2.708"/>
  <system-out/>
</testsuite> <!-- day8.CreateUser2 -->
