<?xml version="1.0" encoding="UTF-8"?>
<!-- Generated by org.testng.reporters.JUnitReportReporter -->
<testsuite hostname="Jp" failures="0" tests="1" name="day5.parsingXMLResponseData_Approach2" time="2.530" errors="0" timestamp="2023-03-17T11:33:22 PDT" skipped="0">
  <testcase classname="day5.parsingXMLResponseData_Approach2" name="testJsonResponse" time="2.530"/>
  <system-out/>
</testsuite> <!-- day5.parsingXMLResponseData_Approach2 -->
