<?xml version="1.0" encoding="UTF-8"?>
<!-- Generated by org.testng.reporters.JUnitReportReporter -->
<testsuite hostname="Jp" failures="0" tests="1" name="Day4.parsingJSONResponseData" time="2.223" errors="0" timestamp="2023-03-16T22:38:53 PDT" skipped="0">
  <testcase classname="Day4.parsingJSONResponseData" name="testJsonResponse" time="2.223"/>
  <system-out/>
</testsuite> <!-- Day4.parsingJSONResponseData -->
