<?xml version="1.0" encoding="UTF-8"?>
<!-- Generated by org.testng.reporters.JUnitReportReporter -->
<testsuite hostname="Jp" failures="0" tests="1" name="day5.parsingXMLResponseData_Approach3" time="2.377" errors="0" timestamp="2023-03-17T12:10:01 PDT" skipped="0">
  <testcase classname="day5.parsingXMLResponseData_Approach3" name="testXMLResponse" time="2.377"/>
  <system-out/>
</testsuite> <!-- day5.parsingXMLResponseData_Approach3 -->
