<?xml version="1.0" encoding="UTF-8"?>
<!-- Generated by org.testng.reporters.JUnitReportReporter -->
<testsuite hostname="Jp" failures="0" tests="1" name="day2.POST_createRequestBody_POJOclass" time="2.473" errors="0" timestamp="2023-03-15T20:59:55 PDT" skipped="0">
  <testcase classname="day2.POST_createRequestBody_POJOclass" name="testPostUsingHashmap" time="2.473"/>
  <system-out/>
</testsuite> <!-- day2.POST_createRequestBody_POJOclass -->
