<?xml version="1.0" encoding="UTF-8"?>
<!-- Generated by org.testng.reporters.JUnitReportReporter -->
<testsuite hostname="Jp" failures="0" tests="1" name="day8.CreateUser" time="2.168" errors="0" timestamp="2023-03-19T15:32:17 PDT" skipped="0">
  <testcase classname="day8.CreateUser" name="createGORESTUser" time="2.168"/>
  <system-out/>
</testsuite> <!-- day8.CreateUser -->
