<?xml version="1.0" encoding="UTF-8"?>
<!-- Generated by org.testng.reporters.JUnitReportReporter -->
<testsuite hostname="Jp" failures="0" tests="1" name="day1.POST_Request" time="1.812" errors="0" timestamp="2023-03-14T23:08:27 PDT" skipped="0">
  <testcase classname="day1.POST_Request" name="createUser" time="1.812"/>
  <system-out/>
</testsuite> <!-- day1.POST_Request -->
