<?xml version="1.0" encoding="UTF-8"?>
<!-- Generated by org.testng.reporters.JUnitReportReporter -->
<testsuite hostname="Jp" failures="0" tests="1" name="day3.GET_PathAndParams" time="1.337" errors="0" timestamp="2023-03-15T22:11:07 PDT" skipped="0">
  <testcase classname="day3.GET_PathAndParams" name="testGET_PathAndParameters" time="1.337"/>
  <system-out/>
</testsuite> <!-- day3.GET_PathAndParams -->
