<?xml version="1.0" encoding="UTF-8"?>
<!-- Generated by org.testng.reporters.JUnitReportReporter -->
<testsuite hostname="Jp" failures="0" tests="1" name="day8.UpdateUser" time="0.488" errors="0" timestamp="2023-03-19T15:32:17 PDT" skipped="0">
  <testcase classname="day8.UpdateUser" name="updateGORESTUser" time="0.488"/>
  <system-out/>
</testsuite> <!-- day8.UpdateUser -->
