<?xml version="1.0" encoding="UTF-8"?>
<!-- Generated by org.testng.reporters.JUnitReportReporter -->
<testsuite hostname="Jp" failures="0" tests="3" name="day7.Authentication_BearerToken" time="2.620" errors="0" timestamp="2023-03-18T14:54:25 PDT" skipped="1">
  <testcase classname="day7.Authentication_BearerToken" name="testOAuth2Authentication" time="0.446"/>
  <system-out/>
  <testcase classname="day7.Authentication_BearerToken" name="testBearerToken_Authentication" time="2.174"/>
  <system-out/>
  <testcase classname="day7.Authentication_BearerToken" name="testOAuth1Authentication">
    <skipped/>
  </testcase> <!-- testOAuth1Authentication -->
  <system-out/>
</testsuite> <!-- day7.Authentication_BearerToken -->
