<?xml version="1.0" encoding="UTF-8"?>
<!-- Generated by org.testng.reporters.JUnitReportReporter -->
<testsuite hostname="Jp" failures="0" tests="3" name="day1.POST_Request_PUT" time="7.252" errors="0" timestamp="2023-03-14T23:28:31 PDT" skipped="0">
  <testcase classname="day1.POST_Request_PUT" name="createUser" time="2.206"/>
  <system-out/>
  <testcase classname="day1.POST_Request_PUT" name="updateUser" time="1.293"/>
  <system-out/>
  <testcase classname="day1.POST_Request_PUT" name="deleteUser" time="3.753"/>
  <system-out/>
</testsuite> <!-- day1.POST_Request_PUT -->
