<?xml version="1.0" encoding="UTF-8"?>
<!-- Generated by org.testng.reporters.JUnitReportReporter -->
<testsuite hostname="Jp" failures="0" tests="1" name="Day4.parsingJSONResponseData_Approach3" time="1.599" errors="0" timestamp="2023-03-16T23:21:10 PDT" skipped="0">
  <testcase classname="Day4.parsingJSONResponseData_Approach3" name="testJsonResponse" time="1.599"/>
  <system-out/>
</testsuite> <!-- Day4.parsingJSONResponseData_Approach3 -->
