<?xml version="1.0" encoding="UTF-8"?>
<!-- Generated by org.testng.reporters.JUnitReportReporter -->
<testsuite hostname="Jp" failures="0" tests="1" name="day7.Authentication_APIKey_Authentication" time="1.516" errors="0" timestamp="2023-03-18T15:11:56 PDT" skipped="0">
  <testcase classname="day7.Authentication_APIKey_Authentication" name="testOAuth2Authentication" time="1.516"/>
  <system-out/>
</testsuite> <!-- day7.Authentication_APIKey_Authentication -->
