<?xml version="1.0" encoding="UTF-8"?>
<!-- Generated by org.testng.reporters.JUnitReportReporter -->
<testsuite hostname="Jp" failures="0" tests="1" name="day2.POST_createRequestBody" time="2.522" errors="0" timestamp="2023-03-15T20:35:07 PDT" skipped="0">
  <testcase classname="day2.POST_createRequestBody" name="testPostUsingHashmap" time="2.522"/>
  <system-out/>
</testsuite> <!-- day2.POST_createRequestBody -->
